Arguments: 
  /home/razvan/.nvm/versions/node/v18.18.1/bin/node /home/razvan/.nvm/versions/node/v18.18.1/bin/yarn add sequelize mysql2 @types/sequelize @types/mysql2

PATH: 
  /home/razvan/.nvm/versions/node/v18.18.1/bin:/home/razvan/.local/bin:/usr/local/sbin:/usr/local/bin:/usr/sbin:/usr/bin:/sbin:/bin:/usr/games:/usr/local/games:/snap/bin:/snap/bin:/home/razvan/Android/Sdk/emulator:/home/razvan/Android/Sdk/platform-tools:/home/razvan/.dotnet

Yarn version: 
  1.22.19

Node version: 
  18.18.1

Platform: 
  linux x64

Trace: 
  Error: https://registry.yarnpkg.com/@types%2fmysql2: Not found
      at params.callback [as _callback] (/home/razvan/.nvm/versions/node/v18.18.1/lib/node_modules/yarn/lib/cli.js:66145:18)
      at self.callback (/home/razvan/.nvm/versions/node/v18.18.1/lib/node_modules/yarn/lib/cli.js:140890:22)
      at Request.emit (node:events:517:28)
      at Request.<anonymous> (/home/razvan/.nvm/versions/node/v18.18.1/lib/node_modules/yarn/lib/cli.js:141862:10)
      at Request.emit (node:events:517:28)
      at IncomingMessage.<anonymous> (/home/razvan/.nvm/versions/node/v18.18.1/lib/node_modules/yarn/lib/cli.js:141784:12)
      at Object.onceWrapper (node:events:631:28)
      at IncomingMessage.emit (node:events:529:35)
      at endReadableNT (node:internal/streams/readable:1368:12)
      at process.processTicksAndRejections (node:internal/process/task_queues:82:21)

npm manifest: 
  {
    "name": "app-back",
    "version": "1.0.0",
    "description": "",
    "main": "index.js",
    "scripts": {
      "start": "nodemon -e ts,js --exec ts-node src/index.ts",
      "test": "echo \"Error: no test specified\" && exit 1"
    },
    "keywords": [],
    "author": "",
    "license": "ISC",
    "devDependencies": {
      "@types/cors": "^2.8.17",
      "@types/express": "^4.17.21",
      "@types/node": "^20.12.2",
      "nodemon": "^3.1.0",
      "ts-node": "^10.9.2",
      "typescript": "^5.4.3"
    },
    "dependencies": {
      "body-parser": "^1.20.2",
      "cors": "^2.8.5",
      "express": "^4.19.2",
      "mysql": "^2.18.1",
      "mysql2": "^3.9.7",
      "sequelize": "^6.37.3",
      "sequelize-typescript": "^2.1.6"
    }
  }

yarn manifest: 
  No manifest

Lockfile: 
  No lockfile
